Using pre-set license
Built from '2020.3/release' branch; Version is '2020.3.12f1 (b3b2c6512326) revision 11776710'; Using compiler version '192528614'; Build Type 'Release'
OS: 'Windows 10 Home; OS build 19042.1052; Version 2009; 64bit' Language: 'en' Physical Memory: 16313 MB
BatchMode: 1, IsHumanControllingUs: 0, StartBugReporterOnCrash: 0, Is64bit: 1, IsPro: 0

 COMMAND LINE ARGUMENTS:
C:\Users\chels\OneDrive - SNHU\Unity Hub\2020.3.12f1\Editor\Unity.exe
-adb2
-batchMode
-noUpm
-name
AssetImportWorker0
-projectPath
C:/Users/chels/OneDrive/Documents/Vr testing
-logFile
Logs/AssetImportWorker0.log
-srvPort
64684
Successfully changed project path to: C:/Users/chels/OneDrive/Documents/Vr testing
C:/Users/chels/OneDrive/Documents/Vr testing
Using Asset Import Pipeline V2.
Refreshing native plugins compatible for Editor in 81.22 ms, found 17 plugins.
Preloading 2 native plugins for Editor in 2.05 ms.
Initialize engine version: 2020.3.12f1 (b3b2c6512326)
[Subsystems] Discovering subsystems at path C:/Users/chels/OneDrive - SNHU/Unity Hub/2020.3.12f1/Editor/Data/Resources/UnitySubsystems
[Subsystems] Discovering subsystems at path C:/Users/chels/OneDrive/Documents/Vr testing/Assets
GfxDevice: creating device client; threaded=0
Direct3D:
    Version:  Direct3D 11.0 [level 11.1]
    Renderer: NVIDIA GeForce GTX 1660 Ti (ID=0x2182)
    Vendor:   
    VRAM:     5991 MB
    Driver:   27.21.14.5751
Initialize mono
Mono path[0] = 'C:/Users/chels/OneDrive - SNHU/Unity Hub/2020.3.12f1/Editor/Data/Managed'
Mono path[1] = 'C:/Users/chels/OneDrive - SNHU/Unity Hub/2020.3.12f1/Editor/Data/MonoBleedingEdge/lib/mono/unityjit'
Mono config path = 'C:/Users/chels/OneDrive - SNHU/Unity Hub/2020.3.12f1/Editor/Data/MonoBleedingEdge/etc'
Using monoOptions --debugger-agent=transport=dt_socket,embedding=1,server=y,suspend=n,address=127.0.0.1:56928
Begin MonoManager ReloadAssembly
Registering precompiled unity dll's ...
Register platform support module: C:/Users/chels/OneDrive - SNHU/Unity Hub/2020.3.12f1/Editor/Data/PlaybackEngines/WindowsStandaloneSupport/UnityEditor.WindowsStandalone.Extensions.dll
Registered in 0.001731 seconds.
Native extension for WindowsStandalone target not found
Refreshing native plugins compatible for Editor in 62.58 ms, found 17 plugins.
Preloading 2 native plugins for Editor in 0.17 ms.
Mono: successfully reloaded assembly
- Completed reload, in  1.675 seconds
Platform modules already initialized, skipping
Registering precompiled user dll's ...
Registered in 0.016864 seconds.
Begin MonoManager ReloadAssembly
Native extension for WindowsStandalone target not found
Refreshing native plugins compatible for Editor in 59.23 ms, found 17 plugins.
Preloading 2 native plugins for Editor in 0.16 ms.
[XR] OculusXRPlugin: registering subsystems
[XR] Unable to register display lifecyle provider: [1]
[XR] Oculus Input lifecycle provider registered.
[XR] Unable to register input lifecyle provider: [1]
NullReferenceException: Object reference not set to an instance of an object
  at Unity.XR.Oculus.OculusLoader.AssetPathToAbsolutePath (System.String assetPath) [0x00048] in C:\Users\chels\OneDrive\Documents\Vr testing\Library\PackageCache\com.unity.xr.oculus@1.9.1\Runtime\OculusLoader.cs:249 
  at Unity.XR.Oculus.OculusLoader.EditorLoadOVRPlugin () [0x0007b] in C:\Users\chels\OneDrive\Documents\Vr testing\Library\PackageCache\com.unity.xr.oculus@1.9.1\Runtime\OculusLoader.cs:234 

(Filename: Library/PackageCache/com.unity.xr.oculus@1.9.1/Runtime/OculusLoader.cs Line: 249)

Mono: successfully reloaded assembly
- Completed reload, in  1.263 seconds
Platform modules already initialized, skipping
========================================================================
Worker process is ready to serve import requests
Shader 'Universal Render Pipeline/Particles/Lit': fallback shader 'Universal Render Pipeline/Particles/SimpleLit' not found
Shader 'Universal Render Pipeline/Particles/Lit': fallback shader 'Universal Render Pipeline/Particles/SimpleLit' not found
Launched and connected shader compiler UnityShaderCompiler.exe after 0.04 seconds
Refreshing native plugins compatible for Editor in 1.03 ms, found 17 plugins.
Preloading 2 native plugins for Editor in 0.16 ms.
Unloading 3569 Unused Serialized files (Serialized files now loaded: 0)
System memory in use before: 157.7 MB.
System memory in use after: 155.1 MB.

Unloading 84 unused Assets to reduce memory usage. Loaded Objects now: 4046.
Total: 3.751300 ms (FindLiveObjects: 0.332100 ms CreateObjectMapping: 0.181700 ms MarkObjects: 2.240100 ms  DeleteObjects: 0.996600 ms)

AssetImportParameters requested are different than current active one (requested -> active):
  custom:framework-win-MediaFoundation: 216162199b28c13a410421893ffa2e32 -> 
  custom:video-decoder-ogg-theora: a1e56fd34408186e4bbccfd4996cb3dc -> 
  custom:container-muxer-webm: aa71ff27fc2769a1b78a27578f13a17b -> 
  custom:container-demuxer-webm: 4f35f7cbe854078d1ac9338744f61a02 -> 
  custom:container-demuxer-ogg: 62fdf1f143b41e24485cea50d1cbac27 -> 
  custom:video-encoder-webm-vp8: eb34c28f22e8b96e1ab97ce403110664 -> 
  custom:video-decoder-webm-vp8: 9c59270c3fd7afecdb556c50c9e8de78 -> 
  custom:audio-decoder-ogg-vorbis: bf7c407c2cedff20999df2af8eb42d56 -> 
  custom:audio-encoder-webm-vorbis: bf7c407c2cedff20999df2af8eb42d56 -> 
========================================================================
Received Import Request.
  path: Assets/New Folder/testshader.shadergraph
  artifactKey: Guid(d5a09a46151a2b446b32b10e4c1a4d92) Importer(815301076,1909f56bfc062723c751e8b465ee728b)
Start importing Assets/New Folder/testshader.shadergraph using Guid(d5a09a46151a2b446b32b10e4c1a4d92) Importer(815301076,1909f56bfc062723c751e8b465ee728b)  -> (artifact id: '11c7b7d70afee4e0e64cd3dc7e3fe3e8') in 0.044759 seconds 
  Import took 0.050060 seconds .

========================================================================
Received Import Request.
  Time since last request: 7566.781275 seconds.
  path: Packages/com.unity.render-pipelines.universal/Shaders/Lit.shader
  artifactKey: Guid(933532a4fcc9baf4fa0491de14d08ed7) Importer(815301076,1909f56bfc062723c751e8b465ee728b)
Start importing Packages/com.unity.render-pipelines.universal/Shaders/Lit.shader using Guid(933532a4fcc9baf4fa0491de14d08ed7) Importer(815301076,1909f56bfc062723c751e8b465ee728b)  -> (artifact id: '1c1e02698ecc8bf2c1f10e4856fddaf7') in 0.013097 seconds 
  Import took 0.097717 seconds .

========================================================================
Received Import Request.
  Time since last request: 87.626174 seconds.
  path: Assets/New Folder/NewUnlitShader.shader
  artifactKey: Guid(c70d97c66a840e04b8a2dbcdac3d1183) Importer(815301076,1909f56bfc062723c751e8b465ee728b)
Start importing Assets/New Folder/NewUnlitShader.shader using Guid(c70d97c66a840e04b8a2dbcdac3d1183) Importer(815301076,1909f56bfc062723c751e8b465ee728b)  -> (artifact id: 'afc9d2d140f36c9ad6540df2aa007847') in 0.012196 seconds 
  Import took 0.019144 seconds .

========================================================================
Received Import Request.
  Time since last request: 156.243912 seconds.
  path: Assets/New Folder/testingshaders.shadergraph
  artifactKey: Guid(b1440093f19f7354a8b81e130668e8a0) Importer(815301076,1909f56bfc062723c751e8b465ee728b)
Start importing Assets/New Folder/testingshaders.shadergraph using Guid(b1440093f19f7354a8b81e130668e8a0) Importer(815301076,1909f56bfc062723c751e8b465ee728b)  -> (artifact id: '2b7816af8ef3ac59737de04316ea8de8') in 0.011817 seconds 
  Import took 0.018732 seconds .

========================================================================
Received Import Request.
  Time since last request: 27.672702 seconds.
  path: Assets/New Folder/Shader Graphs_testshader.mat
  artifactKey: Guid(b284ef276d4683447844a431e584872c) Importer(815301076,1909f56bfc062723c751e8b465ee728b)
Start importing Assets/New Folder/Shader Graphs_testshader.mat using Guid(b284ef276d4683447844a431e584872c) Importer(815301076,1909f56bfc062723c751e8b465ee728b)  -> (artifact id: 'ac5d4ed14a1547bb9c7fb081b27b7705') in 0.261994 seconds 
  Import took 0.268814 seconds .

========================================================================
Received Import Request.
  Time since last request: 223.189552 seconds.
  path: Assets/New Folder/Shader Graphs_testshader.mat
  artifactKey: Guid(b284ef276d4683447844a431e584872c) Importer(815301076,1909f56bfc062723c751e8b465ee728b)
Start importing Assets/New Folder/Shader Graphs_testshader.mat using Guid(b284ef276d4683447844a431e584872c) Importer(815301076,1909f56bfc062723c751e8b465ee728b)  -> (artifact id: 'b7a95b7ad7862b06afafdcdc31ac10f6') in 0.015641 seconds 
  Import took 0.021779 seconds .

AssetImportWorkerClient::OnTransportError - code=2 error=End of file
